2024-05-27 2024-05-27 14:27:49
Emily: 3
Michael: 0
Sophia: 1
Jacob: 2

2024-05-27 2024-05-27 14:27:51
Emily: 0
Michael: 0
Sophia: 0
Jacob: 2

2024-05-27 2024-05-27 14:27:52
Emily: 4
Michael: 1
Sophia: 2
Jacob: 2

2024-05-27 2024-05-27 14:28:33
Emily: 1
Michael: 1
Sophia: 0
Jacob: 2

2024-05-27 2024-05-27 14:28:35
Emily: 0
Michael: 0
Sophia: 4
Jacob: 0

2024-05-27 2024-05-27 14:28:36
Emily: 2
Michael: 0
Sophia: 1
Jacob: 1

2024-05-27 2024-05-27 14:28:38
Emily: 3
Michael: 0
Sophia: 0
Jacob: 0

2024-05-27 2024-05-27 14:28:39
Emily: 1
Michael: 1
Sophia: 1
Jacob: 1

2024-05-27 2024-05-27 14:28:40
Emily: 1
Michael: 1
Sophia: 0
Jacob: 0

2024-05-27 2024-05-27 14:28:41
Emily: 2
Michael: 0
Sophia: 2
Jacob: 0

2024-05-27 2024-05-27 14:28:42
Emily: 1
Michael: 2
Sophia: 3
Jacob: 1

